<?xml version="1.0" encoding="UTF-8"?>
<!-- Generated by org.testng.reporters.JUnitReportReporter -->
<testsuite hostname="saritha" failures="0" tests="2" name="TestNG.tests" time="0.005" errors="0" timestamp="2023-07-24T15:14:37 IST" skipped="0">
  <testcase classname="TestNG.tests" name="regular" time="0.002"/>
  <testcase classname="TestNG.tests" name="name" time="0.003"/>
</testsuite> <!-- TestNG.tests -->
