<?xml version="1.0" encoding="UTF-8"?>
<!-- Generated by org.testng.reporters.JUnitReportReporter -->
<testsuite hostname="saritha" failures="0" tests="1" name="corejavaconcepts.PS1" time="0.014" errors="0" timestamp="2023-07-24T16:16:00 IST" skipped="0">
  <testcase classname="corejavaconcepts.PS1" name="add" time="0.014"/>
</testsuite> <!-- corejavaconcepts.PS1 -->
