<?xml version="1.0" encoding="UTF-8"?>
<!-- Generated by org.testng.reporters.JUnitReportReporter -->
<testsuite hostname="saritha" failures="0" tests="4" name="streamlearning.JavaStreams" time="0.023" errors="0" timestamp="2023-07-18T12:11:49 IST" skipped="0">
  <testcase classname="streamlearning.JavaStreams" name="regular" time="0.002"/>
  <testcase classname="streamlearning.JavaStreams" name="streamtest" time="0.006"/>
  <testcase classname="streamlearning.JavaStreams" name="map" time="0.005"/>
  <testcase classname="streamlearning.JavaStreams" name="list" time="0.010"/>
</testsuite> <!-- streamlearning.JavaStreams -->
