<?xml version="1.0" encoding="UTF-8"?>
<!-- Generated by org.testng.reporters.JUnitReportReporter -->
<testsuite hostname="saritha" failures="0" tests="6" name="TestNG.daytwo" time="0.027" errors="0" timestamp="2023-07-24T15:14:37 IST" skipped="0">
  <testcase classname="TestNG.daytwo" name="loginApiHomeLoan" time="0.003"/>
  <testcase classname="TestNG.daytwo" name="mobilesignupHomeLoan" time="0.004"/>
  <testcase classname="TestNG.daytwo" name="mobileLoginHomeLoan" time="0.004"/>
  <testcase classname="TestNG.daytwo" name="mobilesignoutHomeLoan" time="0.009"/>
  <testcase classname="TestNG.daytwo" name="webLoginHomeLoan" time="0.004"/>
  <testcase classname="TestNG.daytwo" name="mobilesigninHomeLoan" time="0.003"/>
</testsuite> <!-- TestNG.daytwo -->
